2025-04-16 11:28:06 [restartedMain] INFO  com.example.album.AlbumApplication - Starting AlbumApplication using Java 23.0.1 with PID 16248 (D:\Code\code\software\album\album\target\classes started by 83876 in D:\Code\code\software\album\album)
2025-04-16 11:28:06 [restartedMain] DEBUG com.example.album.AlbumApplication - Running with Spring Boot v3.4.3, Spring v6.2.3
2025-04-16 11:28:06 [restartedMain] INFO  com.example.album.AlbumApplication - No active profile set, falling back to 1 default profile: "default"
2025-04-16 11:28:06 [restartedMain] INFO  o.s.b.d.e.DevToolsPropertyDefaultsPostProcessor - Devtools property defaults active! Set 'spring.devtools.add-properties' to 'false' to disable
2025-04-16 11:28:06 [restartedMain] INFO  o.s.b.d.e.DevToolsPropertyDefaultsPostProcessor - For additional web related logging consider setting the 'logging.level.web' property to 'DEBUG'
2025-04-16 11:28:08 [restartedMain] INFO  o.s.d.r.c.RepositoryConfigurationDelegate - Bootstrapping Spring Data JDBC repositories in DEFAULT mode.
2025-04-16 11:28:08 [restartedMain] INFO  o.s.d.r.c.RepositoryConfigurationDelegate - Finished Spring Data repository scanning in 57 ms. Found 0 JDBC repository interfaces.
2025-04-16 11:28:09 [restartedMain] INFO  o.s.b.w.e.tomcat.TomcatWebServer - Tomcat initialized with port 8080 (http)
2025-04-16 11:28:09 [restartedMain] INFO  o.a.catalina.core.StandardService - Starting service [Tomcat]
2025-04-16 11:28:09 [restartedMain] INFO  o.a.catalina.core.StandardEngine - Starting Servlet engine: [Apache Tomcat/10.1.36]
2025-04-16 11:28:10 [restartedMain] INFO  o.a.c.c.C.[Tomcat].[localhost].[/] - Initializing Spring embedded WebApplicationContext
2025-04-16 11:28:10 [restartedMain] INFO  o.s.b.w.s.c.ServletWebServerApplicationContext - Root WebApplicationContext: initialization completed in 3805 ms
2025-04-16 11:28:12 [restartedMain] INFO  com.example.album.config.WebConfig - 配置静态资源路径: /uploads/** -> D:\Code\code\software\album\album\uploads
2025-04-16 11:28:13 [restartedMain] INFO  com.zaxxer.hikari.HikariDataSource - HikariPool-1 - Starting...
2025-04-16 11:28:13 [restartedMain] INFO  com.zaxxer.hikari.pool.HikariPool - HikariPool-1 - Added connection org.postgresql.jdbc.PgConnection@7636a817
2025-04-16 11:28:13 [restartedMain] INFO  com.zaxxer.hikari.HikariDataSource - HikariPool-1 - Start completed.
2025-04-16 11:28:14 [restartedMain] INFO  o.s.b.d.a.OptionalLiveReloadServer - LiveReload server is running on port 35729
2025-04-16 11:28:14 [restartedMain] INFO  o.s.b.w.e.tomcat.TomcatWebServer - Tomcat started on port 8080 (http) with context path '/'
2025-04-16 11:28:14 [restartedMain] INFO  com.example.album.AlbumApplication - Started AlbumApplication in 9.806 seconds (process running for 11.357)
2025-04-16 11:28:45 [http-nio-8080-exec-2] INFO  o.a.c.c.C.[Tomcat].[localhost].[/] - Initializing Spring DispatcherServlet 'dispatcherServlet'
2025-04-16 11:28:45 [http-nio-8080-exec-2] INFO  o.s.web.servlet.DispatcherServlet - Initializing Servlet 'dispatcherServlet'
2025-04-16 11:28:45 [http-nio-8080-exec-2] INFO  o.s.web.servlet.DispatcherServlet - Completed initialization in 1 ms
2025-04-16 11:29:13 [http-nio-8080-exec-3] INFO  c.e.a.interceptors.LoginInterceptor - 📌 收到请求: DELETE http://localhost:8080/photos/3
2025-04-16 11:29:13 [http-nio-8080-exec-3] INFO  c.e.a.interceptors.LoginInterceptor - 📌 请求头: eyJhbGciOiJIUzI1NiIsInR5cCI6IkpXVCJ9.eyJjbGFpbXMiOnsicm9sZSI6InVzZXIiLCJpZCI6MSwidXNlcm5hbWUiOiJ3YW5nYmEifSwiZXhwIjoxNzQ0ODE3MzI2fQ.eSmn6i__Bova0eKnKWhsehKkps7mrYKhtq2Bg2p1ihg
2025-04-16 11:29:14 [http-nio-8080-exec-3] INFO  c.e.album.controller.PhotoController - 接收到照片删除请求，照片ID: 3
2025-04-16 11:29:14 [http-nio-8080-exec-3] INFO  c.e.album.controller.PhotoController - 从ThreadLocal获取的用户ID: 1
2025-04-16 11:29:14 [http-nio-8080-exec-3] INFO  c.e.a.s.impl.StorageServiceImpl - 删除照片: http://localhost:8080/uploads/storage/1/2cb2623f-71a8-4da1-9af4-cdf00ae7585c.png
2025-04-16 11:29:14 [http-nio-8080-exec-3] WARN  c.e.a.s.impl.StorageServiceImpl - 文件不存在: uploads\storage\uploads\storage\1\2cb2623f-71a8-4da1-9af4-cdf00ae7585c.png
2025-04-16 11:29:14 [http-nio-8080-exec-3] INFO  c.e.a.s.impl.StorageServiceImpl - 缩略图已删除: uploads\thumbnails\1\thumb_2cb2623f-71a8-4da1-9af4-cdf00ae7585c.png
2025-04-16 11:29:14 [http-nio-8080-exec-3] INFO  c.e.album.controller.PhotoController - 照片ID: 3 已成功删除
2025-04-16 11:29:25 [SpringApplicationShutdownHook] INFO  o.s.b.w.e.tomcat.GracefulShutdown - Commencing graceful shutdown. Waiting for active requests to complete
2025-04-16 11:29:25 [tomcat-shutdown] INFO  o.s.b.w.e.tomcat.GracefulShutdown - Graceful shutdown complete
2025-04-16 11:29:25 [SpringApplicationShutdownHook] INFO  com.zaxxer.hikari.HikariDataSource - HikariPool-1 - Shutdown initiated...
2025-04-16 11:29:25 [SpringApplicationShutdownHook] INFO  com.zaxxer.hikari.HikariDataSource - HikariPool-1 - Shutdown completed.
2025-04-27 14:15:37 [restartedMain] INFO  com.example.album.AlbumApplication - Starting AlbumApplication using Java 23.0.1 with PID 6872 (D:\Code\code\software\album\album\target\classes started by 83876 in D:\Code\code\software\album\album)
2025-04-27 14:15:37 [restartedMain] DEBUG com.example.album.AlbumApplication - Running with Spring Boot v3.4.3, Spring v6.2.3
2025-04-27 14:15:37 [restartedMain] INFO  com.example.album.AlbumApplication - No active profile set, falling back to 1 default profile: "default"
2025-04-27 14:15:37 [restartedMain] INFO  o.s.b.d.e.DevToolsPropertyDefaultsPostProcessor - Devtools property defaults active! Set 'spring.devtools.add-properties' to 'false' to disable
2025-04-27 14:15:37 [restartedMain] INFO  o.s.b.d.e.DevToolsPropertyDefaultsPostProcessor - For additional web related logging consider setting the 'logging.level.web' property to 'DEBUG'
2025-04-27 14:15:39 [restartedMain] INFO  o.s.d.r.c.RepositoryConfigurationDelegate - Bootstrapping Spring Data JDBC repositories in DEFAULT mode.
2025-04-27 14:15:39 [restartedMain] INFO  o.s.d.r.c.RepositoryConfigurationDelegate - Finished Spring Data repository scanning in 42 ms. Found 0 JDBC repository interfaces.
2025-04-27 14:15:40 [restartedMain] INFO  o.s.b.w.e.tomcat.TomcatWebServer - Tomcat initialized with port 8080 (http)
2025-04-27 14:15:40 [restartedMain] INFO  o.a.catalina.core.StandardService - Starting service [Tomcat]
2025-04-27 14:15:40 [restartedMain] INFO  o.a.catalina.core.StandardEngine - Starting Servlet engine: [Apache Tomcat/10.1.36]
2025-04-27 14:15:40 [restartedMain] INFO  o.a.c.c.C.[Tomcat].[localhost].[/] - Initializing Spring embedded WebApplicationContext
2025-04-27 14:15:40 [restartedMain] INFO  o.s.b.w.s.c.ServletWebServerApplicationContext - Root WebApplicationContext: initialization completed in 2681 ms
2025-04-27 14:15:42 [restartedMain] INFO  com.example.album.config.WebConfig - 配置静态资源路径: /uploads/** -> D:\Code\code\software\album\album\uploads
2025-04-27 14:15:42 [restartedMain] INFO  com.zaxxer.hikari.HikariDataSource - HikariPool-1 - Starting...
2025-04-27 14:15:42 [restartedMain] INFO  com.zaxxer.hikari.pool.HikariPool - HikariPool-1 - Added connection org.postgresql.jdbc.PgConnection@145fd7e6
2025-04-27 14:15:42 [restartedMain] INFO  com.zaxxer.hikari.HikariDataSource - HikariPool-1 - Start completed.
2025-04-27 14:15:43 [restartedMain] INFO  o.s.b.d.a.OptionalLiveReloadServer - LiveReload server is running on port 35729
2025-04-27 14:15:43 [restartedMain] INFO  o.s.b.w.e.tomcat.TomcatWebServer - Tomcat started on port 8080 (http) with context path '/'
2025-04-27 14:15:43 [restartedMain] INFO  com.example.album.AlbumApplication - Started AlbumApplication in 6.792 seconds (process running for 7.637)
2025-04-27 14:16:59 [http-nio-8080-exec-2] INFO  o.a.c.c.C.[Tomcat].[localhost].[/] - Initializing Spring DispatcherServlet 'dispatcherServlet'
2025-04-27 14:16:59 [http-nio-8080-exec-2] INFO  o.s.web.servlet.DispatcherServlet - Initializing Servlet 'dispatcherServlet'
2025-04-27 14:16:59 [http-nio-8080-exec-2] INFO  o.s.web.servlet.DispatcherServlet - Completed initialization in 1 ms
2025-04-27 14:17:29 [http-nio-8080-exec-3] INFO  c.e.a.interceptors.LoginInterceptor - 📌 收到请求: POST http://localhost:8080/albums/upload
2025-04-27 14:17:29 [http-nio-8080-exec-3] INFO  c.e.a.interceptors.LoginInterceptor - 📌 请求头: eyJhbGciOiJIUzI1NiIsInR5cCI6IkpXVCJ9.eyJjbGFpbXMiOnsicm9sZSI6InVzZXIiLCJpZCI6MSwidXNlcm5hbWUiOiJ3YW5nYmEifSwiZXhwIjoxNzQ1Nzc3ODE5fQ.i4DD5SgEPwWnQJ6JU74kVXdGqhzWgnhmQq7J3tYB5r0
2025-04-27 14:17:29 [http-nio-8080-exec-3] INFO  c.e.album.controller.AlbumController - 接收到创建相册请求，用户ID: 1, 相册标题: king
2025-04-27 14:17:56 [http-nio-8080-exec-4] INFO  c.e.a.interceptors.LoginInterceptor - 📌 收到请求: POST http://localhost:8080/photos/upload
2025-04-27 14:17:56 [http-nio-8080-exec-4] INFO  c.e.a.interceptors.LoginInterceptor - 📌 请求头: eyJhbGciOiJIUzI1NiIsInR5cCI6IkpXVCJ9.eyJjbGFpbXMiOnsicm9sZSI6InVzZXIiLCJpZCI6MSwidXNlcm5hbWUiOiJ3YW5nYmEifSwiZXhwIjoxNzQ1Nzc3ODE5fQ.i4DD5SgEPwWnQJ6JU74kVXdGqhzWgnhmQq7J3tYB5r0
2025-04-27 14:17:56 [http-nio-8080-exec-4] WARN  o.s.w.s.m.m.a.ExceptionHandlerExceptionResolver - Resolved [org.springframework.web.multipart.support.MissingServletRequestPartException: Required part 'file' is not present.]
2025-04-27 14:18:19 [http-nio-8080-exec-5] INFO  c.e.a.interceptors.LoginInterceptor - 📌 收到请求: POST http://localhost:8080/photos/upload
2025-04-27 14:18:19 [http-nio-8080-exec-5] INFO  c.e.a.interceptors.LoginInterceptor - 📌 请求头: eyJhbGciOiJIUzI1NiIsInR5cCI6IkpXVCJ9.eyJjbGFpbXMiOnsicm9sZSI6InVzZXIiLCJpZCI6MSwidXNlcm5hbWUiOiJ3YW5nYmEifSwiZXhwIjoxNzQ1Nzc3ODE5fQ.i4DD5SgEPwWnQJ6JU74kVXdGqhzWgnhmQq7J3tYB5r0
2025-04-27 14:18:19 [http-nio-8080-exec-5] INFO  c.e.album.controller.PhotoController - 接收到照片上传请求，相册ID: 2, 文件名: 屏幕截图 2025-04-23 132212.png
2025-04-27 14:18:19 [http-nio-8080-exec-5] INFO  c.e.album.controller.PhotoController - 从ThreadLocal获取的用户ID: 1
2025-04-27 14:18:19 [http-nio-8080-exec-5] INFO  c.e.a.s.impl.StorageServiceImpl - 开始存储文件，用户ID: 1, 文件名: 屏幕截图 2025-04-23 132212.png
2025-04-27 14:18:19 [http-nio-8080-exec-5] INFO  c.e.a.s.impl.StorageServiceImpl - uploads\storage\1\70bb25cf-f4ac-4940-b2dc-cfd273ffda84.png
2025-04-27 14:18:19 [http-nio-8080-exec-5] INFO  c.e.a.s.impl.StorageServiceImpl - 文件类型: 图片
2025-04-27 14:18:19 [http-nio-8080-exec-5] INFO  c.e.a.s.impl.StorageServiceImpl - 文件存储成功: http://localhost:8080/uploads/storage/1/70bb25cf-f4ac-4940-b2dc-cfd273ffda84.png
2025-04-27 14:18:19 [http-nio-8080-exec-5] INFO  c.e.album.controller.PhotoController - 照片信息已保存到数据库，ID: 5
2025-04-27 14:18:54 [http-nio-8080-exec-6] WARN  o.s.w.s.m.m.a.ExceptionHandlerExceptionResolver - Resolved [jakarta.validation.ConstraintViolationException: login.password: 需要匹配正则表达式"^\S{5,16}$"]
2025-04-27 14:25:47 [http-nio-8080-exec-5] INFO  c.e.a.interceptors.LoginInterceptor - 📌 收到请求: DELETE http://localhost:8080/albums/2
2025-04-27 14:25:47 [http-nio-8080-exec-5] INFO  c.e.a.interceptors.LoginInterceptor - 📌 请求头: eyJhbGciOiJIUzI1NiIsInR5cCI6IkpXVCJ9.eyJjbGFpbXMiOnsicm9sZSI6ImFkbWluIiwiaWQiOjUsInVzZXJuYW1lIjoiYWRtaW4ifSwiZXhwIjoxNzQ1Nzc4MzAwfQ.Y-582pVJh2YcSwYrh89PYq3mcd32Z-XS1Mrh3anr7Zk
2025-04-27 14:25:47 [http-nio-8080-exec-5] INFO  c.e.album.controller.AlbumController - 接收到删除相册请求，相册ID: 2
2025-04-27 14:25:47 [http-nio-8080-exec-5] INFO  c.e.album.controller.AlbumController - 从ThreadLocal获取的用户ID: 5, 角色: admin
2025-04-27 14:25:47 [http-nio-8080-exec-5] WARN  c.e.album.controller.AlbumController - 用户 5 尝试删除相册 2, 权限不足
2025-04-27 14:25:47 [http-nio-8080-exec-5] ERROR c.e.album.controller.AlbumController - 删除相册失败
java.lang.Exception: 无权删除此相册
	at com.example.album.controller.AlbumController.deleteAlbum(AlbumController.java:193)
	at java.base/jdk.internal.reflect.DirectMethodHandleAccessor.invoke(DirectMethodHandleAccessor.java:103)
	at java.base/java.lang.reflect.Method.invoke(Method.java:580)
	at org.springframework.web.method.support.InvocableHandlerMethod.doInvoke(InvocableHandlerMethod.java:257)
	at org.springframework.web.method.support.InvocableHandlerMethod.invokeForRequest(InvocableHandlerMethod.java:190)
	at org.springframework.web.servlet.mvc.method.annotation.ServletInvocableHandlerMethod.invokeAndHandle(ServletInvocableHandlerMethod.java:118)
	at org.springframework.web.servlet.mvc.method.annotation.RequestMappingHandlerAdapter.invokeHandlerMethod(RequestMappingHandlerAdapter.java:986)
	at org.springframework.web.servlet.mvc.method.annotation.RequestMappingHandlerAdapter.handleInternal(RequestMappingHandlerAdapter.java:891)
	at org.springframework.web.servlet.mvc.method.AbstractHandlerMethodAdapter.handle(AbstractHandlerMethodAdapter.java:87)
	at org.springframework.web.servlet.DispatcherServlet.doDispatch(DispatcherServlet.java:1088)
	at org.springframework.web.servlet.DispatcherServlet.doService(DispatcherServlet.java:978)
	at org.springframework.web.servlet.FrameworkServlet.processRequest(FrameworkServlet.java:1014)
	at org.springframework.web.servlet.FrameworkServlet.doDelete(FrameworkServlet.java:936)
	at jakarta.servlet.http.HttpServlet.service(HttpServlet.java:596)
	at org.springframework.web.servlet.FrameworkServlet.service(FrameworkServlet.java:885)
	at jakarta.servlet.http.HttpServlet.service(HttpServlet.java:658)
	at org.apache.catalina.core.ApplicationFilterChain.internalDoFilter(ApplicationFilterChain.java:195)
	at org.apache.catalina.core.ApplicationFilterChain.doFilter(ApplicationFilterChain.java:140)
	at org.apache.tomcat.websocket.server.WsFilter.doFilter(WsFilter.java:51)
	at org.apache.catalina.core.ApplicationFilterChain.internalDoFilter(ApplicationFilterChain.java:164)
	at org.apache.catalina.core.ApplicationFilterChain.doFilter(ApplicationFilterChain.java:140)
	at org.springframework.web.filter.RequestContextFilter.doFilterInternal(RequestContextFilter.java:100)
	at org.springframework.web.filter.OncePerRequestFilter.doFilter(OncePerRequestFilter.java:116)
	at org.apache.catalina.core.ApplicationFilterChain.internalDoFilter(ApplicationFilterChain.java:164)
	at org.apache.catalina.core.ApplicationFilterChain.doFilter(ApplicationFilterChain.java:140)
	at org.springframework.web.filter.FormContentFilter.doFilterInternal(FormContentFilter.java:93)
	at org.springframework.web.filter.OncePerRequestFilter.doFilter(OncePerRequestFilter.java:116)
	at org.apache.catalina.core.ApplicationFilterChain.internalDoFilter(ApplicationFilterChain.java:164)
	at org.apache.catalina.core.ApplicationFilterChain.doFilter(ApplicationFilterChain.java:140)
	at org.springframework.web.filter.CharacterEncodingFilter.doFilterInternal(CharacterEncodingFilter.java:201)
	at org.springframework.web.filter.OncePerRequestFilter.doFilter(OncePerRequestFilter.java:116)
	at org.apache.catalina.core.ApplicationFilterChain.internalDoFilter(ApplicationFilterChain.java:164)
	at org.apache.catalina.core.ApplicationFilterChain.doFilter(ApplicationFilterChain.java:140)
	at org.apache.catalina.core.StandardWrapperValve.invoke(StandardWrapperValve.java:167)
	at org.apache.catalina.core.StandardContextValve.invoke(StandardContextValve.java:90)
	at org.apache.catalina.authenticator.AuthenticatorBase.invoke(AuthenticatorBase.java:483)
	at org.apache.catalina.core.StandardHostValve.invoke(StandardHostValve.java:115)
	at org.apache.catalina.valves.ErrorReportValve.invoke(ErrorReportValve.java:93)
	at org.apache.catalina.core.StandardEngineValve.invoke(StandardEngineValve.java:74)
	at org.apache.catalina.connector.CoyoteAdapter.service(CoyoteAdapter.java:344)
	at org.apache.coyote.http11.Http11Processor.service(Http11Processor.java:397)
	at org.apache.coyote.AbstractProcessorLight.process(AbstractProcessorLight.java:63)
	at org.apache.coyote.AbstractProtocol$ConnectionHandler.process(AbstractProtocol.java:905)
	at org.apache.tomcat.util.net.NioEndpoint$SocketProcessor.doRun(NioEndpoint.java:1743)
	at org.apache.tomcat.util.net.SocketProcessorBase.run(SocketProcessorBase.java:52)
	at org.apache.tomcat.util.threads.ThreadPoolExecutor.runWorker(ThreadPoolExecutor.java:1190)
	at org.apache.tomcat.util.threads.ThreadPoolExecutor$Worker.run(ThreadPoolExecutor.java:659)
	at org.apache.tomcat.util.threads.TaskThread$WrappingRunnable.run(TaskThread.java:63)
	at java.base/java.lang.Thread.run(Thread.java:1575)
2025-04-27 14:26:10 [http-nio-8080-exec-6] INFO  c.e.a.interceptors.LoginInterceptor - 📌 收到请求: DELETE http://localhost:8080/albums/2
2025-04-27 14:26:10 [http-nio-8080-exec-6] INFO  c.e.a.interceptors.LoginInterceptor - 📌 请求头: eyJhbGciOiJIUzI1NiIsInR5cCI6IkpXVCJ9.eyJjbGFpbXMiOnsicm9sZSI6ImFkbWluIiwiaWQiOjUsInVzZXJuYW1lIjoiYWRtaW4ifSwiZXhwIjoxNzQ1Nzc4MzAwfQ.Y-582pVJh2YcSwYrh89PYq3mcd32Z-XS1Mrh3anr7Zk
2025-04-27 14:26:10 [http-nio-8080-exec-6] INFO  c.e.album.controller.AlbumController - 接收到删除相册请求，相册ID: 2
2025-04-27 14:26:10 [http-nio-8080-exec-6] INFO  c.e.album.controller.AlbumController - 从ThreadLocal获取的用户ID: 5, 角色: admin
2025-04-27 14:26:10 [http-nio-8080-exec-6] WARN  c.e.album.controller.AlbumController - 用户 5 尝试删除相册 2, 权限不足
2025-04-27 14:26:10 [http-nio-8080-exec-6] ERROR c.e.album.controller.AlbumController - 删除相册失败
java.lang.Exception: 无权删除此相册
	at com.example.album.controller.AlbumController.deleteAlbum(AlbumController.java:193)
	at java.base/jdk.internal.reflect.DirectMethodHandleAccessor.invoke(DirectMethodHandleAccessor.java:103)
	at java.base/java.lang.reflect.Method.invoke(Method.java:580)
	at org.springframework.web.method.support.InvocableHandlerMethod.doInvoke(InvocableHandlerMethod.java:257)
	at org.springframework.web.method.support.InvocableHandlerMethod.invokeForRequest(InvocableHandlerMethod.java:190)
	at org.springframework.web.servlet.mvc.method.annotation.ServletInvocableHandlerMethod.invokeAndHandle(ServletInvocableHandlerMethod.java:118)
	at org.springframework.web.servlet.mvc.method.annotation.RequestMappingHandlerAdapter.invokeHandlerMethod(RequestMappingHandlerAdapter.java:986)
	at org.springframework.web.servlet.mvc.method.annotation.RequestMappingHandlerAdapter.handleInternal(RequestMappingHandlerAdapter.java:891)
	at org.springframework.web.servlet.mvc.method.AbstractHandlerMethodAdapter.handle(AbstractHandlerMethodAdapter.java:87)
	at org.springframework.web.servlet.DispatcherServlet.doDispatch(DispatcherServlet.java:1088)
	at org.springframework.web.servlet.DispatcherServlet.doService(DispatcherServlet.java:978)
	at org.springframework.web.servlet.FrameworkServlet.processRequest(FrameworkServlet.java:1014)
	at org.springframework.web.servlet.FrameworkServlet.doDelete(FrameworkServlet.java:936)
	at jakarta.servlet.http.HttpServlet.service(HttpServlet.java:596)
	at org.springframework.web.servlet.FrameworkServlet.service(FrameworkServlet.java:885)
	at jakarta.servlet.http.HttpServlet.service(HttpServlet.java:658)
	at org.apache.catalina.core.ApplicationFilterChain.internalDoFilter(ApplicationFilterChain.java:195)
	at org.apache.catalina.core.ApplicationFilterChain.doFilter(ApplicationFilterChain.java:140)
	at org.apache.tomcat.websocket.server.WsFilter.doFilter(WsFilter.java:51)
	at org.apache.catalina.core.ApplicationFilterChain.internalDoFilter(ApplicationFilterChain.java:164)
	at org.apache.catalina.core.ApplicationFilterChain.doFilter(ApplicationFilterChain.java:140)
	at org.springframework.web.filter.RequestContextFilter.doFilterInternal(RequestContextFilter.java:100)
	at org.springframework.web.filter.OncePerRequestFilter.doFilter(OncePerRequestFilter.java:116)
	at org.apache.catalina.core.ApplicationFilterChain.internalDoFilter(ApplicationFilterChain.java:164)
	at org.apache.catalina.core.ApplicationFilterChain.doFilter(ApplicationFilterChain.java:140)
	at org.springframework.web.filter.FormContentFilter.doFilterInternal(FormContentFilter.java:93)
	at org.springframework.web.filter.OncePerRequestFilter.doFilter(OncePerRequestFilter.java:116)
	at org.apache.catalina.core.ApplicationFilterChain.internalDoFilter(ApplicationFilterChain.java:164)
	at org.apache.catalina.core.ApplicationFilterChain.doFilter(ApplicationFilterChain.java:140)
	at org.springframework.web.filter.CharacterEncodingFilter.doFilterInternal(CharacterEncodingFilter.java:201)
	at org.springframework.web.filter.OncePerRequestFilter.doFilter(OncePerRequestFilter.java:116)
	at org.apache.catalina.core.ApplicationFilterChain.internalDoFilter(ApplicationFilterChain.java:164)
	at org.apache.catalina.core.ApplicationFilterChain.doFilter(ApplicationFilterChain.java:140)
	at org.apache.catalina.core.StandardWrapperValve.invoke(StandardWrapperValve.java:167)
	at org.apache.catalina.core.StandardContextValve.invoke(StandardContextValve.java:90)
	at org.apache.catalina.authenticator.AuthenticatorBase.invoke(AuthenticatorBase.java:483)
	at org.apache.catalina.core.StandardHostValve.invoke(StandardHostValve.java:115)
	at org.apache.catalina.valves.ErrorReportValve.invoke(ErrorReportValve.java:93)
	at org.apache.catalina.core.StandardEngineValve.invoke(StandardEngineValve.java:74)
	at org.apache.catalina.connector.CoyoteAdapter.service(CoyoteAdapter.java:344)
	at org.apache.coyote.http11.Http11Processor.service(Http11Processor.java:397)
	at org.apache.coyote.AbstractProcessorLight.process(AbstractProcessorLight.java:63)
	at org.apache.coyote.AbstractProtocol$ConnectionHandler.process(AbstractProtocol.java:905)
	at org.apache.tomcat.util.net.NioEndpoint$SocketProcessor.doRun(NioEndpoint.java:1743)
	at org.apache.tomcat.util.net.SocketProcessorBase.run(SocketProcessorBase.java:52)
	at org.apache.tomcat.util.threads.ThreadPoolExecutor.runWorker(ThreadPoolExecutor.java:1190)
	at org.apache.tomcat.util.threads.ThreadPoolExecutor$Worker.run(ThreadPoolExecutor.java:659)
	at org.apache.tomcat.util.threads.TaskThread$WrappingRunnable.run(TaskThread.java:63)
	at java.base/java.lang.Thread.run(Thread.java:1575)
2025-04-27 14:27:54 [http-nio-8080-exec-8] INFO  c.e.a.interceptors.LoginInterceptor - 📌 收到请求: PUT http://localhost:8080/albums/2
2025-04-27 14:27:54 [http-nio-8080-exec-8] INFO  c.e.a.interceptors.LoginInterceptor - 📌 请求头: eyJhbGciOiJIUzI1NiIsInR5cCI6IkpXVCJ9.eyJjbGFpbXMiOnsicm9sZSI6InVzZXIiLCJpZCI6MSwidXNlcm5hbWUiOiJ3YW5nYmEifSwiZXhwIjoxNzQ1Nzc4NDIxfQ.0wAsE2a8CJ6aZx2SdV8LbLmGs_nSQ9Lc5P01epflWSc
2025-04-27 14:27:54 [http-nio-8080-exec-8] WARN  o.s.w.s.m.m.a.ExceptionHandlerExceptionResolver - Resolved [org.springframework.web.bind.MissingServletRequestParameterException: Required request parameter 'userId' for method parameter type Integer is present but converted to null]
2025-04-27 14:32:52 [SpringApplicationShutdownHook] INFO  o.s.b.w.e.tomcat.GracefulShutdown - Commencing graceful shutdown. Waiting for active requests to complete
2025-04-27 14:32:52 [tomcat-shutdown] INFO  o.s.b.w.e.tomcat.GracefulShutdown - Graceful shutdown complete
2025-04-27 14:32:52 [SpringApplicationShutdownHook] INFO  com.zaxxer.hikari.HikariDataSource - HikariPool-1 - Shutdown initiated...
2025-04-27 14:32:52 [SpringApplicationShutdownHook] INFO  com.zaxxer.hikari.HikariDataSource - HikariPool-1 - Shutdown completed.
2025-04-27 14:32:59 [restartedMain] INFO  com.example.album.AlbumApplication - Starting AlbumApplication using Java 23.0.1 with PID 18412 (D:\Code\code\software\album\album\target\classes started by 83876 in D:\Code\code\software\album\album)
2025-04-27 14:32:59 [restartedMain] DEBUG com.example.album.AlbumApplication - Running with Spring Boot v3.4.3, Spring v6.2.3
2025-04-27 14:32:59 [restartedMain] INFO  com.example.album.AlbumApplication - No active profile set, falling back to 1 default profile: "default"
2025-04-27 14:32:59 [restartedMain] INFO  o.s.b.d.e.DevToolsPropertyDefaultsPostProcessor - Devtools property defaults active! Set 'spring.devtools.add-properties' to 'false' to disable
2025-04-27 14:32:59 [restartedMain] INFO  o.s.b.d.e.DevToolsPropertyDefaultsPostProcessor - For additional web related logging consider setting the 'logging.level.web' property to 'DEBUG'
2025-04-27 14:33:00 [restartedMain] INFO  o.s.d.r.c.RepositoryConfigurationDelegate - Bootstrapping Spring Data JDBC repositories in DEFAULT mode.
2025-04-27 14:33:00 [restartedMain] INFO  o.s.d.r.c.RepositoryConfigurationDelegate - Finished Spring Data repository scanning in 38 ms. Found 0 JDBC repository interfaces.
2025-04-27 14:33:01 [restartedMain] INFO  o.s.b.w.e.tomcat.TomcatWebServer - Tomcat initialized with port 8080 (http)
2025-04-27 14:33:01 [restartedMain] INFO  o.a.catalina.core.StandardService - Starting service [Tomcat]
2025-04-27 14:33:01 [restartedMain] INFO  o.a.catalina.core.StandardEngine - Starting Servlet engine: [Apache Tomcat/10.1.36]
2025-04-27 14:33:01 [restartedMain] INFO  o.a.c.c.C.[Tomcat].[localhost].[/] - Initializing Spring embedded WebApplicationContext
2025-04-27 14:33:01 [restartedMain] INFO  o.s.b.w.s.c.ServletWebServerApplicationContext - Root WebApplicationContext: initialization completed in 2359 ms
2025-04-27 14:33:03 [restartedMain] INFO  com.example.album.config.WebConfig - 配置静态资源路径: /uploads/** -> D:\Code\code\software\album\album\uploads
2025-04-27 14:33:03 [restartedMain] INFO  com.zaxxer.hikari.HikariDataSource - HikariPool-1 - Starting...
2025-04-27 14:33:04 [restartedMain] INFO  com.zaxxer.hikari.pool.HikariPool - HikariPool-1 - Added connection org.postgresql.jdbc.PgConnection@42fa57df
2025-04-27 14:33:04 [restartedMain] INFO  com.zaxxer.hikari.HikariDataSource - HikariPool-1 - Start completed.
2025-04-27 14:33:04 [restartedMain] INFO  o.s.b.d.a.OptionalLiveReloadServer - LiveReload server is running on port 35729
2025-04-27 14:33:04 [restartedMain] INFO  o.s.b.w.e.tomcat.TomcatWebServer - Tomcat started on port 8080 (http) with context path '/'
2025-04-27 14:33:04 [restartedMain] INFO  com.example.album.AlbumApplication - Started AlbumApplication in 5.976 seconds (process running for 6.807)
2025-04-27 14:33:12 [http-nio-8080-exec-1] INFO  o.a.c.c.C.[Tomcat].[localhost].[/] - Initializing Spring DispatcherServlet 'dispatcherServlet'
2025-04-27 14:33:12 [http-nio-8080-exec-1] INFO  o.s.web.servlet.DispatcherServlet - Initializing Servlet 'dispatcherServlet'
2025-04-27 14:33:12 [http-nio-8080-exec-1] INFO  o.s.web.servlet.DispatcherServlet - Completed initialization in 1 ms
2025-04-27 14:34:05 [http-nio-8080-exec-3] INFO  c.e.a.interceptors.LoginInterceptor - 📌 收到请求: PUT http://localhost:8080/albums/2
2025-04-27 14:34:05 [http-nio-8080-exec-3] INFO  c.e.a.interceptors.LoginInterceptor - 📌 请求头: eyJhbGciOiJIUzI1NiIsInR5cCI6IkpXVCJ9.eyJjbGFpbXMiOnsicm9sZSI6InVzZXIiLCJpZCI6MSwidXNlcm5hbWUiOiJ3YW5nYmEifSwiZXhwIjoxNzQ1Nzc4NzkyfQ.b2CNSEPphO2ICTkhYY7NmLrZ97dEFUdboi7ecDzt7yw
2025-04-27 14:34:05 [http-nio-8080-exec-3] INFO  c.e.album.controller.AlbumController - 从ThreadLocal获取的用户ID: 1
2025-04-27 14:35:10 [http-nio-8080-exec-6] INFO  c.e.a.interceptors.LoginInterceptor - 📌 收到请求: GET http://localhost:8080/albums/
2025-04-27 14:35:10 [http-nio-8080-exec-6] INFO  c.e.a.interceptors.LoginInterceptor - 📌 请求头: eyJhbGciOiJIUzI1NiIsInR5cCI6IkpXVCJ9.eyJjbGFpbXMiOnsicm9sZSI6InVzZXIiLCJpZCI6MSwidXNlcm5hbWUiOiJ3YW5nYmEifSwiZXhwIjoxNzQ1Nzc4NzkyfQ.b2CNSEPphO2ICTkhYY7NmLrZ97dEFUdboi7ecDzt7yw
2025-04-27 14:35:10 [http-nio-8080-exec-6] WARN  o.s.w.s.m.m.a.ExceptionHandlerExceptionResolver - Resolved [org.springframework.web.servlet.resource.NoResourceFoundException: No static resource albums.]
2025-04-27 14:35:15 [http-nio-8080-exec-7] INFO  c.e.a.interceptors.LoginInterceptor - 📌 收到请求: GET http://localhost:8080/albums/2
2025-04-27 14:35:15 [http-nio-8080-exec-7] INFO  c.e.a.interceptors.LoginInterceptor - 📌 请求头: eyJhbGciOiJIUzI1NiIsInR5cCI6IkpXVCJ9.eyJjbGFpbXMiOnsicm9sZSI6InVzZXIiLCJpZCI6MSwidXNlcm5hbWUiOiJ3YW5nYmEifSwiZXhwIjoxNzQ1Nzc4NzkyfQ.b2CNSEPphO2ICTkhYY7NmLrZ97dEFUdboi7ecDzt7yw
2025-04-27 14:35:15 [http-nio-8080-exec-7] INFO  c.e.album.controller.AlbumController - 从ThreadLocal获取的用户ID: 1
2025-04-27 14:37:25 [http-nio-8080-exec-2] INFO  c.e.a.interceptors.LoginInterceptor - 📌 收到请求: DELETE http://localhost:8080/albums/2
2025-04-27 14:37:25 [http-nio-8080-exec-2] INFO  c.e.a.interceptors.LoginInterceptor - 📌 请求头: eyJhbGciOiJIUzI1NiIsInR5cCI6IkpXVCJ9.eyJjbGFpbXMiOnsicm9sZSI6ImFkbWluIiwiaWQiOjUsInVzZXJuYW1lIjoiYWRtaW4ifSwiZXhwIjoxNzQ1Nzc5MDMyfQ.1MEooNV-AFk3zCJJTa4hRD7mytOl_1Jny_eC9chCafc
2025-04-27 14:37:25 [http-nio-8080-exec-2] INFO  c.e.album.controller.AlbumController - 接收到删除相册请求，相册ID: 2
2025-04-27 14:37:25 [http-nio-8080-exec-2] INFO  c.e.album.controller.AlbumController - 从ThreadLocal获取的用户ID: 5, 角色: admin
2025-04-27 14:37:25 [http-nio-8080-exec-2] ERROR c.e.album.controller.AlbumController - 删除相册失败
java.lang.Exception: 删除相册失败
	at com.example.album.controller.AlbumController.deleteAlbum(AlbumController.java:215)
	at java.base/jdk.internal.reflect.DirectMethodHandleAccessor.invoke(DirectMethodHandleAccessor.java:103)
	at java.base/java.lang.reflect.Method.invoke(Method.java:580)
	at org.springframework.web.method.support.InvocableHandlerMethod.doInvoke(InvocableHandlerMethod.java:257)
	at org.springframework.web.method.support.InvocableHandlerMethod.invokeForRequest(InvocableHandlerMethod.java:190)
	at org.springframework.web.servlet.mvc.method.annotation.ServletInvocableHandlerMethod.invokeAndHandle(ServletInvocableHandlerMethod.java:118)
	at org.springframework.web.servlet.mvc.method.annotation.RequestMappingHandlerAdapter.invokeHandlerMethod(RequestMappingHandlerAdapter.java:986)
	at org.springframework.web.servlet.mvc.method.annotation.RequestMappingHandlerAdapter.handleInternal(RequestMappingHandlerAdapter.java:891)
	at org.springframework.web.servlet.mvc.method.AbstractHandlerMethodAdapter.handle(AbstractHandlerMethodAdapter.java:87)
	at org.springframework.web.servlet.DispatcherServlet.doDispatch(DispatcherServlet.java:1088)
	at org.springframework.web.servlet.DispatcherServlet.doService(DispatcherServlet.java:978)
	at org.springframework.web.servlet.FrameworkServlet.processRequest(FrameworkServlet.java:1014)
	at org.springframework.web.servlet.FrameworkServlet.doDelete(FrameworkServlet.java:936)
	at jakarta.servlet.http.HttpServlet.service(HttpServlet.java:596)
	at org.springframework.web.servlet.FrameworkServlet.service(FrameworkServlet.java:885)
	at jakarta.servlet.http.HttpServlet.service(HttpServlet.java:658)
	at org.apache.catalina.core.ApplicationFilterChain.internalDoFilter(ApplicationFilterChain.java:195)
	at org.apache.catalina.core.ApplicationFilterChain.doFilter(ApplicationFilterChain.java:140)
	at org.apache.tomcat.websocket.server.WsFilter.doFilter(WsFilter.java:51)
	at org.apache.catalina.core.ApplicationFilterChain.internalDoFilter(ApplicationFilterChain.java:164)
	at org.apache.catalina.core.ApplicationFilterChain.doFilter(ApplicationFilterChain.java:140)
	at org.springframework.web.filter.RequestContextFilter.doFilterInternal(RequestContextFilter.java:100)
	at org.springframework.web.filter.OncePerRequestFilter.doFilter(OncePerRequestFilter.java:116)
	at org.apache.catalina.core.ApplicationFilterChain.internalDoFilter(ApplicationFilterChain.java:164)
	at org.apache.catalina.core.ApplicationFilterChain.doFilter(ApplicationFilterChain.java:140)
	at org.springframework.web.filter.FormContentFilter.doFilterInternal(FormContentFilter.java:93)
	at org.springframework.web.filter.OncePerRequestFilter.doFilter(OncePerRequestFilter.java:116)
	at org.apache.catalina.core.ApplicationFilterChain.internalDoFilter(ApplicationFilterChain.java:164)
	at org.apache.catalina.core.ApplicationFilterChain.doFilter(ApplicationFilterChain.java:140)
	at org.springframework.web.filter.CharacterEncodingFilter.doFilterInternal(CharacterEncodingFilter.java:201)
	at org.springframework.web.filter.OncePerRequestFilter.doFilter(OncePerRequestFilter.java:116)
	at org.apache.catalina.core.ApplicationFilterChain.internalDoFilter(ApplicationFilterChain.java:164)
	at org.apache.catalina.core.ApplicationFilterChain.doFilter(ApplicationFilterChain.java:140)
	at org.apache.catalina.core.StandardWrapperValve.invoke(StandardWrapperValve.java:167)
	at org.apache.catalina.core.StandardContextValve.invoke(StandardContextValve.java:90)
	at org.apache.catalina.authenticator.AuthenticatorBase.invoke(AuthenticatorBase.java:483)
	at org.apache.catalina.core.StandardHostValve.invoke(StandardHostValve.java:115)
	at org.apache.catalina.valves.ErrorReportValve.invoke(ErrorReportValve.java:93)
	at org.apache.catalina.core.StandardEngineValve.invoke(StandardEngineValve.java:74)
	at org.apache.catalina.connector.CoyoteAdapter.service(CoyoteAdapter.java:344)
	at org.apache.coyote.http11.Http11Processor.service(Http11Processor.java:397)
	at org.apache.coyote.AbstractProcessorLight.process(AbstractProcessorLight.java:63)
	at org.apache.coyote.AbstractProtocol$ConnectionHandler.process(AbstractProtocol.java:905)
	at org.apache.tomcat.util.net.NioEndpoint$SocketProcessor.doRun(NioEndpoint.java:1743)
	at org.apache.tomcat.util.net.SocketProcessorBase.run(SocketProcessorBase.java:52)
	at org.apache.tomcat.util.threads.ThreadPoolExecutor.runWorker(ThreadPoolExecutor.java:1190)
	at org.apache.tomcat.util.threads.ThreadPoolExecutor$Worker.run(ThreadPoolExecutor.java:659)
	at org.apache.tomcat.util.threads.TaskThread$WrappingRunnable.run(TaskThread.java:63)
	at java.base/java.lang.Thread.run(Thread.java:1575)
2025-04-27 14:39:46 [SpringApplicationShutdownHook] INFO  o.s.b.w.e.tomcat.GracefulShutdown - Commencing graceful shutdown. Waiting for active requests to complete
2025-04-27 14:39:46 [tomcat-shutdown] INFO  o.s.b.w.e.tomcat.GracefulShutdown - Graceful shutdown complete
2025-04-27 14:39:46 [SpringApplicationShutdownHook] INFO  com.zaxxer.hikari.HikariDataSource - HikariPool-1 - Shutdown initiated...
2025-04-27 14:39:46 [SpringApplicationShutdownHook] INFO  com.zaxxer.hikari.HikariDataSource - HikariPool-1 - Shutdown completed.
2025-04-27 14:39:53 [restartedMain] INFO  com.example.album.AlbumApplication - Starting AlbumApplication using Java 23.0.1 with PID 4544 (D:\Code\code\software\album\album\target\classes started by 83876 in D:\Code\code\software\album\album)
2025-04-27 14:39:53 [restartedMain] DEBUG com.example.album.AlbumApplication - Running with Spring Boot v3.4.3, Spring v6.2.3
2025-04-27 14:39:53 [restartedMain] INFO  com.example.album.AlbumApplication - No active profile set, falling back to 1 default profile: "default"
2025-04-27 14:39:53 [restartedMain] INFO  o.s.b.d.e.DevToolsPropertyDefaultsPostProcessor - Devtools property defaults active! Set 'spring.devtools.add-properties' to 'false' to disable
2025-04-27 14:39:53 [restartedMain] INFO  o.s.b.d.e.DevToolsPropertyDefaultsPostProcessor - For additional web related logging consider setting the 'logging.level.web' property to 'DEBUG'
2025-04-27 14:39:54 [restartedMain] INFO  o.s.d.r.c.RepositoryConfigurationDelegate - Bootstrapping Spring Data JDBC repositories in DEFAULT mode.
2025-04-27 14:39:54 [restartedMain] INFO  o.s.d.r.c.RepositoryConfigurationDelegate - Finished Spring Data repository scanning in 39 ms. Found 0 JDBC repository interfaces.
2025-04-27 14:39:55 [restartedMain] INFO  o.s.b.w.e.tomcat.TomcatWebServer - Tomcat initialized with port 8080 (http)
2025-04-27 14:39:55 [restartedMain] INFO  o.a.catalina.core.StandardService - Starting service [Tomcat]
2025-04-27 14:39:55 [restartedMain] INFO  o.a.catalina.core.StandardEngine - Starting Servlet engine: [Apache Tomcat/10.1.36]
2025-04-27 14:39:55 [restartedMain] INFO  o.a.c.c.C.[Tomcat].[localhost].[/] - Initializing Spring embedded WebApplicationContext
2025-04-27 14:39:55 [restartedMain] INFO  o.s.b.w.s.c.ServletWebServerApplicationContext - Root WebApplicationContext: initialization completed in 2328 ms
2025-04-27 14:39:57 [restartedMain] INFO  com.example.album.config.WebConfig - 配置静态资源路径: /uploads/** -> D:\Code\code\software\album\album\uploads
2025-04-27 14:39:57 [restartedMain] INFO  com.zaxxer.hikari.HikariDataSource - HikariPool-1 - Starting...
2025-04-27 14:39:57 [restartedMain] INFO  com.zaxxer.hikari.pool.HikariPool - HikariPool-1 - Added connection org.postgresql.jdbc.PgConnection@6730d8b1
2025-04-27 14:39:57 [restartedMain] INFO  com.zaxxer.hikari.HikariDataSource - HikariPool-1 - Start completed.
2025-04-27 14:39:58 [restartedMain] INFO  o.s.b.d.a.OptionalLiveReloadServer - LiveReload server is running on port 35729
2025-04-27 14:39:58 [restartedMain] INFO  o.s.b.w.e.tomcat.TomcatWebServer - Tomcat started on port 8080 (http) with context path '/'
2025-04-27 14:39:58 [restartedMain] INFO  com.example.album.AlbumApplication - Started AlbumApplication in 5.858 seconds (process running for 6.7)
2025-04-27 14:40:04 [http-nio-8080-exec-2] INFO  o.a.c.c.C.[Tomcat].[localhost].[/] - Initializing Spring DispatcherServlet 'dispatcherServlet'
2025-04-27 14:40:04 [http-nio-8080-exec-2] INFO  o.s.web.servlet.DispatcherServlet - Initializing Servlet 'dispatcherServlet'
2025-04-27 14:40:04 [http-nio-8080-exec-2] INFO  o.s.web.servlet.DispatcherServlet - Completed initialization in 2 ms
2025-04-27 14:40:04 [http-nio-8080-exec-2] INFO  c.e.a.interceptors.LoginInterceptor - 📌 收到请求: DELETE http://localhost:8080/albums/2
2025-04-27 14:40:04 [http-nio-8080-exec-2] INFO  c.e.a.interceptors.LoginInterceptor - 📌 请求头: eyJhbGciOiJIUzI1NiIsInR5cCI6IkpXVCJ9.eyJjbGFpbXMiOnsicm9sZSI6ImFkbWluIiwiaWQiOjUsInVzZXJuYW1lIjoiYWRtaW4ifSwiZXhwIjoxNzQ1Nzc5MDMyfQ.1MEooNV-AFk3zCJJTa4hRD7mytOl_1Jny_eC9chCafc
2025-04-27 14:40:04 [http-nio-8080-exec-2] INFO  c.e.album.controller.AlbumController - 接收到删除相册请求，相册ID: 2
2025-04-27 14:40:04 [http-nio-8080-exec-2] INFO  c.e.album.controller.AlbumController - 从ThreadLocal获取的用户ID: 5, 角色: admin
2025-04-27 14:40:04 [http-nio-8080-exec-2] ERROR c.e.album.controller.AlbumController - 删除相册失败
java.lang.Exception: 删除相册失败
	at com.example.album.controller.AlbumController.deleteAlbum(AlbumController.java:215)
	at java.base/jdk.internal.reflect.DirectMethodHandleAccessor.invoke(DirectMethodHandleAccessor.java:103)
	at java.base/java.lang.reflect.Method.invoke(Method.java:580)
	at org.springframework.web.method.support.InvocableHandlerMethod.doInvoke(InvocableHandlerMethod.java:257)
	at org.springframework.web.method.support.InvocableHandlerMethod.invokeForRequest(InvocableHandlerMethod.java:190)
	at org.springframework.web.servlet.mvc.method.annotation.ServletInvocableHandlerMethod.invokeAndHandle(ServletInvocableHandlerMethod.java:118)
	at org.springframework.web.servlet.mvc.method.annotation.RequestMappingHandlerAdapter.invokeHandlerMethod(RequestMappingHandlerAdapter.java:986)
	at org.springframework.web.servlet.mvc.method.annotation.RequestMappingHandlerAdapter.handleInternal(RequestMappingHandlerAdapter.java:891)
	at org.springframework.web.servlet.mvc.method.AbstractHandlerMethodAdapter.handle(AbstractHandlerMethodAdapter.java:87)
	at org.springframework.web.servlet.DispatcherServlet.doDispatch(DispatcherServlet.java:1088)
	at org.springframework.web.servlet.DispatcherServlet.doService(DispatcherServlet.java:978)
	at org.springframework.web.servlet.FrameworkServlet.processRequest(FrameworkServlet.java:1014)
	at org.springframework.web.servlet.FrameworkServlet.doDelete(FrameworkServlet.java:936)
	at jakarta.servlet.http.HttpServlet.service(HttpServlet.java:596)
	at org.springframework.web.servlet.FrameworkServlet.service(FrameworkServlet.java:885)
	at jakarta.servlet.http.HttpServlet.service(HttpServlet.java:658)
	at org.apache.catalina.core.ApplicationFilterChain.internalDoFilter(ApplicationFilterChain.java:195)
	at org.apache.catalina.core.ApplicationFilterChain.doFilter(ApplicationFilterChain.java:140)
	at org.apache.tomcat.websocket.server.WsFilter.doFilter(WsFilter.java:51)
	at org.apache.catalina.core.ApplicationFilterChain.internalDoFilter(ApplicationFilterChain.java:164)
	at org.apache.catalina.core.ApplicationFilterChain.doFilter(ApplicationFilterChain.java:140)
	at org.springframework.web.filter.RequestContextFilter.doFilterInternal(RequestContextFilter.java:100)
	at org.springframework.web.filter.OncePerRequestFilter.doFilter(OncePerRequestFilter.java:116)
	at org.apache.catalina.core.ApplicationFilterChain.internalDoFilter(ApplicationFilterChain.java:164)
	at org.apache.catalina.core.ApplicationFilterChain.doFilter(ApplicationFilterChain.java:140)
	at org.springframework.web.filter.FormContentFilter.doFilterInternal(FormContentFilter.java:93)
	at org.springframework.web.filter.OncePerRequestFilter.doFilter(OncePerRequestFilter.java:116)
	at org.apache.catalina.core.ApplicationFilterChain.internalDoFilter(ApplicationFilterChain.java:164)
	at org.apache.catalina.core.ApplicationFilterChain.doFilter(ApplicationFilterChain.java:140)
	at org.springframework.web.filter.CharacterEncodingFilter.doFilterInternal(CharacterEncodingFilter.java:201)
	at org.springframework.web.filter.OncePerRequestFilter.doFilter(OncePerRequestFilter.java:116)
	at org.apache.catalina.core.ApplicationFilterChain.internalDoFilter(ApplicationFilterChain.java:164)
	at org.apache.catalina.core.ApplicationFilterChain.doFilter(ApplicationFilterChain.java:140)
	at org.apache.catalina.core.StandardWrapperValve.invoke(StandardWrapperValve.java:167)
	at org.apache.catalina.core.StandardContextValve.invoke(StandardContextValve.java:90)
	at org.apache.catalina.authenticator.AuthenticatorBase.invoke(AuthenticatorBase.java:483)
	at org.apache.catalina.core.StandardHostValve.invoke(StandardHostValve.java:115)
	at org.apache.catalina.valves.ErrorReportValve.invoke(ErrorReportValve.java:93)
	at org.apache.catalina.core.StandardEngineValve.invoke(StandardEngineValve.java:74)
	at org.apache.catalina.connector.CoyoteAdapter.service(CoyoteAdapter.java:344)
	at org.apache.coyote.http11.Http11Processor.service(Http11Processor.java:397)
	at org.apache.coyote.AbstractProcessorLight.process(AbstractProcessorLight.java:63)
	at org.apache.coyote.AbstractProtocol$ConnectionHandler.process(AbstractProtocol.java:905)
	at org.apache.tomcat.util.net.NioEndpoint$SocketProcessor.doRun(NioEndpoint.java:1743)
	at org.apache.tomcat.util.net.SocketProcessorBase.run(SocketProcessorBase.java:52)
	at org.apache.tomcat.util.threads.ThreadPoolExecutor.runWorker(ThreadPoolExecutor.java:1190)
	at org.apache.tomcat.util.threads.ThreadPoolExecutor$Worker.run(ThreadPoolExecutor.java:659)
	at org.apache.tomcat.util.threads.TaskThread$WrappingRunnable.run(TaskThread.java:63)
	at java.base/java.lang.Thread.run(Thread.java:1575)
2025-04-27 14:41:05 [SpringApplicationShutdownHook] INFO  o.s.b.w.e.tomcat.GracefulShutdown - Commencing graceful shutdown. Waiting for active requests to complete
2025-04-27 14:41:05 [tomcat-shutdown] INFO  o.s.b.w.e.tomcat.GracefulShutdown - Graceful shutdown complete
2025-04-27 14:41:05 [SpringApplicationShutdownHook] INFO  com.zaxxer.hikari.HikariDataSource - HikariPool-1 - Shutdown initiated...
2025-04-27 14:41:05 [SpringApplicationShutdownHook] INFO  com.zaxxer.hikari.HikariDataSource - HikariPool-1 - Shutdown completed.
2025-04-27 14:41:12 [restartedMain] INFO  com.example.album.AlbumApplication - Starting AlbumApplication using Java 23.0.1 with PID 12428 (D:\Code\code\software\album\album\target\classes started by 83876 in D:\Code\code\software\album\album)
2025-04-27 14:41:12 [restartedMain] DEBUG com.example.album.AlbumApplication - Running with Spring Boot v3.4.3, Spring v6.2.3
2025-04-27 14:41:12 [restartedMain] INFO  com.example.album.AlbumApplication - No active profile set, falling back to 1 default profile: "default"
2025-04-27 14:41:12 [restartedMain] INFO  o.s.b.d.e.DevToolsPropertyDefaultsPostProcessor - Devtools property defaults active! Set 'spring.devtools.add-properties' to 'false' to disable
2025-04-27 14:41:12 [restartedMain] INFO  o.s.b.d.e.DevToolsPropertyDefaultsPostProcessor - For additional web related logging consider setting the 'logging.level.web' property to 'DEBUG'
2025-04-27 14:41:14 [restartedMain] INFO  o.s.d.r.c.RepositoryConfigurationDelegate - Bootstrapping Spring Data JDBC repositories in DEFAULT mode.
2025-04-27 14:41:14 [restartedMain] INFO  o.s.d.r.c.RepositoryConfigurationDelegate - Finished Spring Data repository scanning in 36 ms. Found 0 JDBC repository interfaces.
2025-04-27 14:41:15 [restartedMain] INFO  o.s.b.w.e.tomcat.TomcatWebServer - Tomcat initialized with port 8080 (http)
2025-04-27 14:41:15 [restartedMain] INFO  o.a.catalina.core.StandardService - Starting service [Tomcat]
2025-04-27 14:41:15 [restartedMain] INFO  o.a.catalina.core.StandardEngine - Starting Servlet engine: [Apache Tomcat/10.1.36]
2025-04-27 14:41:15 [restartedMain] INFO  o.a.c.c.C.[Tomcat].[localhost].[/] - Initializing Spring embedded WebApplicationContext
2025-04-27 14:41:15 [restartedMain] INFO  o.s.b.w.s.c.ServletWebServerApplicationContext - Root WebApplicationContext: initialization completed in 2316 ms
2025-04-27 14:41:16 [restartedMain] INFO  com.example.album.config.WebConfig - 配置静态资源路径: /uploads/** -> D:\Code\code\software\album\album\uploads
2025-04-27 14:41:17 [restartedMain] INFO  com.zaxxer.hikari.HikariDataSource - HikariPool-1 - Starting...
2025-04-27 14:41:17 [restartedMain] INFO  com.zaxxer.hikari.pool.HikariPool - HikariPool-1 - Added connection org.postgresql.jdbc.PgConnection@7ddbe8a0
2025-04-27 14:41:17 [restartedMain] INFO  com.zaxxer.hikari.HikariDataSource - HikariPool-1 - Start completed.
2025-04-27 14:41:17 [restartedMain] INFO  o.s.b.d.a.OptionalLiveReloadServer - LiveReload server is running on port 35729
2025-04-27 14:41:17 [restartedMain] INFO  o.s.b.w.e.tomcat.TomcatWebServer - Tomcat started on port 8080 (http) with context path '/'
2025-04-27 14:41:17 [restartedMain] INFO  com.example.album.AlbumApplication - Started AlbumApplication in 6.048 seconds (process running for 6.924)
2025-04-27 14:41:20 [http-nio-8080-exec-1] INFO  o.a.c.c.C.[Tomcat].[localhost].[/] - Initializing Spring DispatcherServlet 'dispatcherServlet'
2025-04-27 14:41:20 [http-nio-8080-exec-1] INFO  o.s.web.servlet.DispatcherServlet - Initializing Servlet 'dispatcherServlet'
2025-04-27 14:41:20 [http-nio-8080-exec-1] INFO  o.s.web.servlet.DispatcherServlet - Completed initialization in 1 ms
2025-04-27 14:41:20 [http-nio-8080-exec-1] INFO  c.e.a.interceptors.LoginInterceptor - 📌 收到请求: DELETE http://localhost:8080/albums/2
2025-04-27 14:41:20 [http-nio-8080-exec-1] INFO  c.e.a.interceptors.LoginInterceptor - 📌 请求头: eyJhbGciOiJIUzI1NiIsInR5cCI6IkpXVCJ9.eyJjbGFpbXMiOnsicm9sZSI6ImFkbWluIiwiaWQiOjUsInVzZXJuYW1lIjoiYWRtaW4ifSwiZXhwIjoxNzQ1Nzc5MDMyfQ.1MEooNV-AFk3zCJJTa4hRD7mytOl_1Jny_eC9chCafc
2025-04-27 14:41:20 [http-nio-8080-exec-1] INFO  c.e.album.controller.AlbumController - 接收到删除相册请求，相册ID: 2
2025-04-27 14:41:20 [http-nio-8080-exec-1] INFO  c.e.album.controller.AlbumController - 从ThreadLocal获取的用户ID: 5, 角色: admin
2025-04-27 14:41:20 [http-nio-8080-exec-1] ERROR c.e.album.controller.AlbumController - 删除相册失败
java.lang.Exception: 删除相册失败
	at com.example.album.controller.AlbumController.deleteAlbum(AlbumController.java:216)
	at java.base/jdk.internal.reflect.DirectMethodHandleAccessor.invoke(DirectMethodHandleAccessor.java:103)
	at java.base/java.lang.reflect.Method.invoke(Method.java:580)
	at org.springframework.web.method.support.InvocableHandlerMethod.doInvoke(InvocableHandlerMethod.java:257)
	at org.springframework.web.method.support.InvocableHandlerMethod.invokeForRequest(InvocableHandlerMethod.java:190)
	at org.springframework.web.servlet.mvc.method.annotation.ServletInvocableHandlerMethod.invokeAndHandle(ServletInvocableHandlerMethod.java:118)
	at org.springframework.web.servlet.mvc.method.annotation.RequestMappingHandlerAdapter.invokeHandlerMethod(RequestMappingHandlerAdapter.java:986)
	at org.springframework.web.servlet.mvc.method.annotation.RequestMappingHandlerAdapter.handleInternal(RequestMappingHandlerAdapter.java:891)
	at org.springframework.web.servlet.mvc.method.AbstractHandlerMethodAdapter.handle(AbstractHandlerMethodAdapter.java:87)
	at org.springframework.web.servlet.DispatcherServlet.doDispatch(DispatcherServlet.java:1088)
	at org.springframework.web.servlet.DispatcherServlet.doService(DispatcherServlet.java:978)
	at org.springframework.web.servlet.FrameworkServlet.processRequest(FrameworkServlet.java:1014)
	at org.springframework.web.servlet.FrameworkServlet.doDelete(FrameworkServlet.java:936)
	at jakarta.servlet.http.HttpServlet.service(HttpServlet.java:596)
	at org.springframework.web.servlet.FrameworkServlet.service(FrameworkServlet.java:885)
	at jakarta.servlet.http.HttpServlet.service(HttpServlet.java:658)
	at org.apache.catalina.core.ApplicationFilterChain.internalDoFilter(ApplicationFilterChain.java:195)
	at org.apache.catalina.core.ApplicationFilterChain.doFilter(ApplicationFilterChain.java:140)
	at org.apache.tomcat.websocket.server.WsFilter.doFilter(WsFilter.java:51)
	at org.apache.catalina.core.ApplicationFilterChain.internalDoFilter(ApplicationFilterChain.java:164)
	at org.apache.catalina.core.ApplicationFilterChain.doFilter(ApplicationFilterChain.java:140)
	at org.springframework.web.filter.RequestContextFilter.doFilterInternal(RequestContextFilter.java:100)
	at org.springframework.web.filter.OncePerRequestFilter.doFilter(OncePerRequestFilter.java:116)
	at org.apache.catalina.core.ApplicationFilterChain.internalDoFilter(ApplicationFilterChain.java:164)
	at org.apache.catalina.core.ApplicationFilterChain.doFilter(ApplicationFilterChain.java:140)
	at org.springframework.web.filter.FormContentFilter.doFilterInternal(FormContentFilter.java:93)
	at org.springframework.web.filter.OncePerRequestFilter.doFilter(OncePerRequestFilter.java:116)
	at org.apache.catalina.core.ApplicationFilterChain.internalDoFilter(ApplicationFilterChain.java:164)
	at org.apache.catalina.core.ApplicationFilterChain.doFilter(ApplicationFilterChain.java:140)
	at org.springframework.web.filter.CharacterEncodingFilter.doFilterInternal(CharacterEncodingFilter.java:201)
	at org.springframework.web.filter.OncePerRequestFilter.doFilter(OncePerRequestFilter.java:116)
	at org.apache.catalina.core.ApplicationFilterChain.internalDoFilter(ApplicationFilterChain.java:164)
	at org.apache.catalina.core.ApplicationFilterChain.doFilter(ApplicationFilterChain.java:140)
	at org.apache.catalina.core.StandardWrapperValve.invoke(StandardWrapperValve.java:167)
	at org.apache.catalina.core.StandardContextValve.invoke(StandardContextValve.java:90)
	at org.apache.catalina.authenticator.AuthenticatorBase.invoke(AuthenticatorBase.java:483)
	at org.apache.catalina.core.StandardHostValve.invoke(StandardHostValve.java:115)
	at org.apache.catalina.valves.ErrorReportValve.invoke(ErrorReportValve.java:93)
	at org.apache.catalina.core.StandardEngineValve.invoke(StandardEngineValve.java:74)
	at org.apache.catalina.connector.CoyoteAdapter.service(CoyoteAdapter.java:344)
	at org.apache.coyote.http11.Http11Processor.service(Http11Processor.java:397)
	at org.apache.coyote.AbstractProcessorLight.process(AbstractProcessorLight.java:63)
	at org.apache.coyote.AbstractProtocol$ConnectionHandler.process(AbstractProtocol.java:905)
	at org.apache.tomcat.util.net.NioEndpoint$SocketProcessor.doRun(NioEndpoint.java:1743)
	at org.apache.tomcat.util.net.SocketProcessorBase.run(SocketProcessorBase.java:52)
	at org.apache.tomcat.util.threads.ThreadPoolExecutor.runWorker(ThreadPoolExecutor.java:1190)
	at org.apache.tomcat.util.threads.ThreadPoolExecutor$Worker.run(ThreadPoolExecutor.java:659)
	at org.apache.tomcat.util.threads.TaskThread$WrappingRunnable.run(TaskThread.java:63)
	at java.base/java.lang.Thread.run(Thread.java:1575)
2025-04-27 14:42:30 [SpringApplicationShutdownHook] INFO  o.s.b.w.e.tomcat.GracefulShutdown - Commencing graceful shutdown. Waiting for active requests to complete
2025-04-27 14:42:30 [tomcat-shutdown] INFO  o.s.b.w.e.tomcat.GracefulShutdown - Graceful shutdown complete
2025-04-27 14:42:30 [SpringApplicationShutdownHook] INFO  com.zaxxer.hikari.HikariDataSource - HikariPool-1 - Shutdown initiated...
2025-04-27 14:42:30 [SpringApplicationShutdownHook] INFO  com.zaxxer.hikari.HikariDataSource - HikariPool-1 - Shutdown completed.
2025-04-27 14:42:37 [restartedMain] INFO  com.example.album.AlbumApplication - Starting AlbumApplication using Java 23.0.1 with PID 16068 (D:\Code\code\software\album\album\target\classes started by 83876 in D:\Code\code\software\album\album)
2025-04-27 14:42:37 [restartedMain] DEBUG com.example.album.AlbumApplication - Running with Spring Boot v3.4.3, Spring v6.2.3
2025-04-27 14:42:37 [restartedMain] INFO  com.example.album.AlbumApplication - No active profile set, falling back to 1 default profile: "default"
2025-04-27 14:42:37 [restartedMain] INFO  o.s.b.d.e.DevToolsPropertyDefaultsPostProcessor - Devtools property defaults active! Set 'spring.devtools.add-properties' to 'false' to disable
2025-04-27 14:42:37 [restartedMain] INFO  o.s.b.d.e.DevToolsPropertyDefaultsPostProcessor - For additional web related logging consider setting the 'logging.level.web' property to 'DEBUG'
2025-04-27 14:42:38 [restartedMain] INFO  o.s.d.r.c.RepositoryConfigurationDelegate - Bootstrapping Spring Data JDBC repositories in DEFAULT mode.
2025-04-27 14:42:38 [restartedMain] INFO  o.s.d.r.c.RepositoryConfigurationDelegate - Finished Spring Data repository scanning in 38 ms. Found 0 JDBC repository interfaces.
2025-04-27 14:42:39 [restartedMain] INFO  o.s.b.w.e.tomcat.TomcatWebServer - Tomcat initialized with port 8080 (http)
2025-04-27 14:42:39 [restartedMain] INFO  o.a.catalina.core.StandardService - Starting service [Tomcat]
2025-04-27 14:42:39 [restartedMain] INFO  o.a.catalina.core.StandardEngine - Starting Servlet engine: [Apache Tomcat/10.1.36]
2025-04-27 14:42:39 [restartedMain] INFO  o.a.c.c.C.[Tomcat].[localhost].[/] - Initializing Spring embedded WebApplicationContext
2025-04-27 14:42:39 [restartedMain] INFO  o.s.b.w.s.c.ServletWebServerApplicationContext - Root WebApplicationContext: initialization completed in 2293 ms
2025-04-27 14:42:41 [restartedMain] INFO  com.example.album.config.WebConfig - 配置静态资源路径: /uploads/** -> D:\Code\code\software\album\album\uploads
2025-04-27 14:42:41 [restartedMain] INFO  com.zaxxer.hikari.HikariDataSource - HikariPool-1 - Starting...
2025-04-27 14:42:41 [restartedMain] INFO  com.zaxxer.hikari.pool.HikariPool - HikariPool-1 - Added connection org.postgresql.jdbc.PgConnection@48f24978
2025-04-27 14:42:41 [restartedMain] INFO  com.zaxxer.hikari.HikariDataSource - HikariPool-1 - Start completed.
2025-04-27 14:42:42 [restartedMain] INFO  o.s.b.d.a.OptionalLiveReloadServer - LiveReload server is running on port 35729
2025-04-27 14:42:42 [restartedMain] INFO  o.s.b.w.e.tomcat.TomcatWebServer - Tomcat started on port 8080 (http) with context path '/'
2025-04-27 14:42:42 [restartedMain] INFO  com.example.album.AlbumApplication - Started AlbumApplication in 5.789 seconds (process running for 6.615)
2025-04-27 14:42:48 [http-nio-8080-exec-1] INFO  o.a.c.c.C.[Tomcat].[localhost].[/] - Initializing Spring DispatcherServlet 'dispatcherServlet'
2025-04-27 14:42:48 [http-nio-8080-exec-1] INFO  o.s.web.servlet.DispatcherServlet - Initializing Servlet 'dispatcherServlet'
2025-04-27 14:42:48 [http-nio-8080-exec-1] INFO  o.s.web.servlet.DispatcherServlet - Completed initialization in 1 ms
2025-04-27 14:42:48 [http-nio-8080-exec-1] INFO  c.e.a.interceptors.LoginInterceptor - 📌 收到请求: DELETE http://localhost:8080/albums/2
2025-04-27 14:42:48 [http-nio-8080-exec-1] INFO  c.e.a.interceptors.LoginInterceptor - 📌 请求头: eyJhbGciOiJIUzI1NiIsInR5cCI6IkpXVCJ9.eyJjbGFpbXMiOnsicm9sZSI6ImFkbWluIiwiaWQiOjUsInVzZXJuYW1lIjoiYWRtaW4ifSwiZXhwIjoxNzQ1Nzc5MDMyfQ.1MEooNV-AFk3zCJJTa4hRD7mytOl_1Jny_eC9chCafc
2025-04-27 14:42:48 [http-nio-8080-exec-1] INFO  c.e.album.controller.AlbumController - 接收到删除相册请求，相册ID: 2
2025-04-27 14:42:48 [http-nio-8080-exec-1] INFO  c.e.album.controller.AlbumController - 从ThreadLocal获取的用户ID: 5, 角色: admin
2025-04-27 14:42:48 [http-nio-8080-exec-1] ERROR c.e.album.controller.AlbumController - 删除相册失败
java.lang.Exception: 删除相册失败
	at com.example.album.controller.AlbumController.deleteAlbum(AlbumController.java:214)
	at java.base/jdk.internal.reflect.DirectMethodHandleAccessor.invoke(DirectMethodHandleAccessor.java:103)
	at java.base/java.lang.reflect.Method.invoke(Method.java:580)
	at org.springframework.web.method.support.InvocableHandlerMethod.doInvoke(InvocableHandlerMethod.java:257)
	at org.springframework.web.method.support.InvocableHandlerMethod.invokeForRequest(InvocableHandlerMethod.java:190)
	at org.springframework.web.servlet.mvc.method.annotation.ServletInvocableHandlerMethod.invokeAndHandle(ServletInvocableHandlerMethod.java:118)
	at org.springframework.web.servlet.mvc.method.annotation.RequestMappingHandlerAdapter.invokeHandlerMethod(RequestMappingHandlerAdapter.java:986)
	at org.springframework.web.servlet.mvc.method.annotation.RequestMappingHandlerAdapter.handleInternal(RequestMappingHandlerAdapter.java:891)
	at org.springframework.web.servlet.mvc.method.AbstractHandlerMethodAdapter.handle(AbstractHandlerMethodAdapter.java:87)
	at org.springframework.web.servlet.DispatcherServlet.doDispatch(DispatcherServlet.java:1088)
	at org.springframework.web.servlet.DispatcherServlet.doService(DispatcherServlet.java:978)
	at org.springframework.web.servlet.FrameworkServlet.processRequest(FrameworkServlet.java:1014)
	at org.springframework.web.servlet.FrameworkServlet.doDelete(FrameworkServlet.java:936)
	at jakarta.servlet.http.HttpServlet.service(HttpServlet.java:596)
	at org.springframework.web.servlet.FrameworkServlet.service(FrameworkServlet.java:885)
	at jakarta.servlet.http.HttpServlet.service(HttpServlet.java:658)
	at org.apache.catalina.core.ApplicationFilterChain.internalDoFilter(ApplicationFilterChain.java:195)
	at org.apache.catalina.core.ApplicationFilterChain.doFilter(ApplicationFilterChain.java:140)
	at org.apache.tomcat.websocket.server.WsFilter.doFilter(WsFilter.java:51)
	at org.apache.catalina.core.ApplicationFilterChain.internalDoFilter(ApplicationFilterChain.java:164)
	at org.apache.catalina.core.ApplicationFilterChain.doFilter(ApplicationFilterChain.java:140)
	at org.springframework.web.filter.RequestContextFilter.doFilterInternal(RequestContextFilter.java:100)
	at org.springframework.web.filter.OncePerRequestFilter.doFilter(OncePerRequestFilter.java:116)
	at org.apache.catalina.core.ApplicationFilterChain.internalDoFilter(ApplicationFilterChain.java:164)
	at org.apache.catalina.core.ApplicationFilterChain.doFilter(ApplicationFilterChain.java:140)
	at org.springframework.web.filter.FormContentFilter.doFilterInternal(FormContentFilter.java:93)
	at org.springframework.web.filter.OncePerRequestFilter.doFilter(OncePerRequestFilter.java:116)
	at org.apache.catalina.core.ApplicationFilterChain.internalDoFilter(ApplicationFilterChain.java:164)
	at org.apache.catalina.core.ApplicationFilterChain.doFilter(ApplicationFilterChain.java:140)
	at org.springframework.web.filter.CharacterEncodingFilter.doFilterInternal(CharacterEncodingFilter.java:201)
	at org.springframework.web.filter.OncePerRequestFilter.doFilter(OncePerRequestFilter.java:116)
	at org.apache.catalina.core.ApplicationFilterChain.internalDoFilter(ApplicationFilterChain.java:164)
	at org.apache.catalina.core.ApplicationFilterChain.doFilter(ApplicationFilterChain.java:140)
	at org.apache.catalina.core.StandardWrapperValve.invoke(StandardWrapperValve.java:167)
	at org.apache.catalina.core.StandardContextValve.invoke(StandardContextValve.java:90)
	at org.apache.catalina.authenticator.AuthenticatorBase.invoke(AuthenticatorBase.java:483)
	at org.apache.catalina.core.StandardHostValve.invoke(StandardHostValve.java:115)
	at org.apache.catalina.valves.ErrorReportValve.invoke(ErrorReportValve.java:93)
	at org.apache.catalina.core.StandardEngineValve.invoke(StandardEngineValve.java:74)
	at org.apache.catalina.connector.CoyoteAdapter.service(CoyoteAdapter.java:344)
	at org.apache.coyote.http11.Http11Processor.service(Http11Processor.java:397)
	at org.apache.coyote.AbstractProcessorLight.process(AbstractProcessorLight.java:63)
	at org.apache.coyote.AbstractProtocol$ConnectionHandler.process(AbstractProtocol.java:905)
	at org.apache.tomcat.util.net.NioEndpoint$SocketProcessor.doRun(NioEndpoint.java:1743)
	at org.apache.tomcat.util.net.SocketProcessorBase.run(SocketProcessorBase.java:52)
	at org.apache.tomcat.util.threads.ThreadPoolExecutor.runWorker(ThreadPoolExecutor.java:1190)
	at org.apache.tomcat.util.threads.ThreadPoolExecutor$Worker.run(ThreadPoolExecutor.java:659)
	at org.apache.tomcat.util.threads.TaskThread$WrappingRunnable.run(TaskThread.java:63)
	at java.base/java.lang.Thread.run(Thread.java:1575)
2025-04-27 14:43:09 [SpringApplicationShutdownHook] INFO  o.s.b.w.e.tomcat.GracefulShutdown - Commencing graceful shutdown. Waiting for active requests to complete
2025-04-27 14:43:09 [tomcat-shutdown] INFO  o.s.b.w.e.tomcat.GracefulShutdown - Graceful shutdown complete
2025-04-27 14:43:09 [SpringApplicationShutdownHook] INFO  com.zaxxer.hikari.HikariDataSource - HikariPool-1 - Shutdown initiated...
2025-04-27 14:43:09 [SpringApplicationShutdownHook] INFO  com.zaxxer.hikari.HikariDataSource - HikariPool-1 - Shutdown completed.
2025-04-27 14:43:16 [restartedMain] INFO  com.example.album.AlbumApplication - Starting AlbumApplication using Java 23.0.1 with PID 21716 (D:\Code\code\software\album\album\target\classes started by 83876 in D:\Code\code\software\album\album)
2025-04-27 14:43:16 [restartedMain] DEBUG com.example.album.AlbumApplication - Running with Spring Boot v3.4.3, Spring v6.2.3
2025-04-27 14:43:16 [restartedMain] INFO  com.example.album.AlbumApplication - No active profile set, falling back to 1 default profile: "default"
2025-04-27 14:43:16 [restartedMain] INFO  o.s.b.d.e.DevToolsPropertyDefaultsPostProcessor - Devtools property defaults active! Set 'spring.devtools.add-properties' to 'false' to disable
2025-04-27 14:43:16 [restartedMain] INFO  o.s.b.d.e.DevToolsPropertyDefaultsPostProcessor - For additional web related logging consider setting the 'logging.level.web' property to 'DEBUG'
2025-04-27 14:43:17 [restartedMain] INFO  o.s.d.r.c.RepositoryConfigurationDelegate - Bootstrapping Spring Data JDBC repositories in DEFAULT mode.
2025-04-27 14:43:17 [restartedMain] INFO  o.s.d.r.c.RepositoryConfigurationDelegate - Finished Spring Data repository scanning in 41 ms. Found 0 JDBC repository interfaces.
2025-04-27 14:43:18 [restartedMain] INFO  o.s.b.w.e.tomcat.TomcatWebServer - Tomcat initialized with port 8080 (http)
2025-04-27 14:43:18 [restartedMain] INFO  o.a.catalina.core.StandardService - Starting service [Tomcat]
2025-04-27 14:43:18 [restartedMain] INFO  o.a.catalina.core.StandardEngine - Starting Servlet engine: [Apache Tomcat/10.1.36]
2025-04-27 14:43:18 [restartedMain] INFO  o.a.c.c.C.[Tomcat].[localhost].[/] - Initializing Spring embedded WebApplicationContext
2025-04-27 14:43:18 [restartedMain] INFO  o.s.b.w.s.c.ServletWebServerApplicationContext - Root WebApplicationContext: initialization completed in 2258 ms
2025-04-27 14:43:20 [restartedMain] INFO  com.example.album.config.WebConfig - 配置静态资源路径: /uploads/** -> D:\Code\code\software\album\album\uploads
2025-04-27 14:43:20 [restartedMain] INFO  com.zaxxer.hikari.HikariDataSource - HikariPool-1 - Starting...
2025-04-27 14:43:20 [restartedMain] INFO  com.zaxxer.hikari.pool.HikariPool - HikariPool-1 - Added connection org.postgresql.jdbc.PgConnection@ade6c02
2025-04-27 14:43:20 [restartedMain] INFO  com.zaxxer.hikari.HikariDataSource - HikariPool-1 - Start completed.
2025-04-27 14:43:21 [restartedMain] INFO  o.s.b.d.a.OptionalLiveReloadServer - LiveReload server is running on port 35729
2025-04-27 14:43:21 [restartedMain] INFO  o.s.b.w.e.tomcat.TomcatWebServer - Tomcat started on port 8080 (http) with context path '/'
2025-04-27 14:43:21 [restartedMain] INFO  com.example.album.AlbumApplication - Started AlbumApplication in 5.865 seconds (process running for 6.67)
2025-04-27 14:43:31 [http-nio-8080-exec-2] INFO  o.a.c.c.C.[Tomcat].[localhost].[/] - Initializing Spring DispatcherServlet 'dispatcherServlet'
2025-04-27 14:43:31 [http-nio-8080-exec-2] INFO  o.s.web.servlet.DispatcherServlet - Initializing Servlet 'dispatcherServlet'
2025-04-27 14:43:31 [http-nio-8080-exec-2] INFO  o.s.web.servlet.DispatcherServlet - Completed initialization in 2 ms
2025-04-27 14:43:31 [http-nio-8080-exec-2] INFO  c.e.a.interceptors.LoginInterceptor - 📌 收到请求: DELETE http://localhost:8080/albums/2
2025-04-27 14:43:31 [http-nio-8080-exec-2] INFO  c.e.a.interceptors.LoginInterceptor - 📌 请求头: eyJhbGciOiJIUzI1NiIsInR5cCI6IkpXVCJ9.eyJjbGFpbXMiOnsicm9sZSI6ImFkbWluIiwiaWQiOjUsInVzZXJuYW1lIjoiYWRtaW4ifSwiZXhwIjoxNzQ1Nzc5MDMyfQ.1MEooNV-AFk3zCJJTa4hRD7mytOl_1Jny_eC9chCafc
2025-04-27 14:43:31 [http-nio-8080-exec-2] INFO  c.e.album.controller.AlbumController - 接收到删除相册请求，相册ID: 2
2025-04-27 14:43:31 [http-nio-8080-exec-2] INFO  c.e.album.controller.AlbumController - 从ThreadLocal获取的用户ID: 5, 角色: admin
2025-04-27 14:44:28 [http-nio-8080-exec-3] INFO  c.e.a.interceptors.LoginInterceptor - 📌 收到请求: DELETE http://localhost:8080/photos/4
2025-04-27 14:44:28 [http-nio-8080-exec-3] INFO  c.e.a.interceptors.LoginInterceptor - 📌 请求头: eyJhbGciOiJIUzI1NiIsInR5cCI6IkpXVCJ9.eyJjbGFpbXMiOnsicm9sZSI6ImFkbWluIiwiaWQiOjUsInVzZXJuYW1lIjoiYWRtaW4ifSwiZXhwIjoxNzQ1Nzc5MDMyfQ.1MEooNV-AFk3zCJJTa4hRD7mytOl_1Jny_eC9chCafc
2025-04-27 14:44:28 [http-nio-8080-exec-3] INFO  c.e.album.controller.PhotoController - 接收到照片删除请求，照片ID: 4
2025-04-27 14:44:28 [http-nio-8080-exec-3] INFO  c.e.album.controller.PhotoController - 从ThreadLocal获取的用户ID: 5, 角色: admin
2025-04-27 14:44:28 [http-nio-8080-exec-3] WARN  c.e.album.controller.PhotoController - 用户 5 尝试删除照片 4, 权限不足
2025-04-27 14:44:28 [http-nio-8080-exec-3] ERROR c.e.album.controller.PhotoController - 照片删除失败
java.lang.Exception: 无权删除此照片
	at com.example.album.controller.PhotoController.deletePhoto(PhotoController.java:360)
	at java.base/jdk.internal.reflect.DirectMethodHandleAccessor.invoke(DirectMethodHandleAccessor.java:103)
	at java.base/java.lang.reflect.Method.invoke(Method.java:580)
	at org.springframework.web.method.support.InvocableHandlerMethod.doInvoke(InvocableHandlerMethod.java:257)
	at org.springframework.web.method.support.InvocableHandlerMethod.invokeForRequest(InvocableHandlerMethod.java:190)
	at org.springframework.web.servlet.mvc.method.annotation.ServletInvocableHandlerMethod.invokeAndHandle(ServletInvocableHandlerMethod.java:118)
	at org.springframework.web.servlet.mvc.method.annotation.RequestMappingHandlerAdapter.invokeHandlerMethod(RequestMappingHandlerAdapter.java:986)
	at org.springframework.web.servlet.mvc.method.annotation.RequestMappingHandlerAdapter.handleInternal(RequestMappingHandlerAdapter.java:891)
	at org.springframework.web.servlet.mvc.method.AbstractHandlerMethodAdapter.handle(AbstractHandlerMethodAdapter.java:87)
	at org.springframework.web.servlet.DispatcherServlet.doDispatch(DispatcherServlet.java:1088)
	at org.springframework.web.servlet.DispatcherServlet.doService(DispatcherServlet.java:978)
	at org.springframework.web.servlet.FrameworkServlet.processRequest(FrameworkServlet.java:1014)
	at org.springframework.web.servlet.FrameworkServlet.doDelete(FrameworkServlet.java:936)
	at jakarta.servlet.http.HttpServlet.service(HttpServlet.java:596)
	at org.springframework.web.servlet.FrameworkServlet.service(FrameworkServlet.java:885)
	at jakarta.servlet.http.HttpServlet.service(HttpServlet.java:658)
	at org.apache.catalina.core.ApplicationFilterChain.internalDoFilter(ApplicationFilterChain.java:195)
	at org.apache.catalina.core.ApplicationFilterChain.doFilter(ApplicationFilterChain.java:140)
	at org.apache.tomcat.websocket.server.WsFilter.doFilter(WsFilter.java:51)
	at org.apache.catalina.core.ApplicationFilterChain.internalDoFilter(ApplicationFilterChain.java:164)
	at org.apache.catalina.core.ApplicationFilterChain.doFilter(ApplicationFilterChain.java:140)
	at org.springframework.web.filter.RequestContextFilter.doFilterInternal(RequestContextFilter.java:100)
	at org.springframework.web.filter.OncePerRequestFilter.doFilter(OncePerRequestFilter.java:116)
	at org.apache.catalina.core.ApplicationFilterChain.internalDoFilter(ApplicationFilterChain.java:164)
	at org.apache.catalina.core.ApplicationFilterChain.doFilter(ApplicationFilterChain.java:140)
	at org.springframework.web.filter.FormContentFilter.doFilterInternal(FormContentFilter.java:93)
	at org.springframework.web.filter.OncePerRequestFilter.doFilter(OncePerRequestFilter.java:116)
	at org.apache.catalina.core.ApplicationFilterChain.internalDoFilter(ApplicationFilterChain.java:164)
	at org.apache.catalina.core.ApplicationFilterChain.doFilter(ApplicationFilterChain.java:140)
	at org.springframework.web.filter.CharacterEncodingFilter.doFilterInternal(CharacterEncodingFilter.java:201)
	at org.springframework.web.filter.OncePerRequestFilter.doFilter(OncePerRequestFilter.java:116)
	at org.apache.catalina.core.ApplicationFilterChain.internalDoFilter(ApplicationFilterChain.java:164)
	at org.apache.catalina.core.ApplicationFilterChain.doFilter(ApplicationFilterChain.java:140)
	at org.apache.catalina.core.StandardWrapperValve.invoke(StandardWrapperValve.java:167)
	at org.apache.catalina.core.StandardContextValve.invoke(StandardContextValve.java:90)
	at org.apache.catalina.authenticator.AuthenticatorBase.invoke(AuthenticatorBase.java:483)
	at org.apache.catalina.core.StandardHostValve.invoke(StandardHostValve.java:115)
	at org.apache.catalina.valves.ErrorReportValve.invoke(ErrorReportValve.java:93)
	at org.apache.catalina.core.StandardEngineValve.invoke(StandardEngineValve.java:74)
	at org.apache.catalina.connector.CoyoteAdapter.service(CoyoteAdapter.java:344)
	at org.apache.coyote.http11.Http11Processor.service(Http11Processor.java:397)
	at org.apache.coyote.AbstractProcessorLight.process(AbstractProcessorLight.java:63)
	at org.apache.coyote.AbstractProtocol$ConnectionHandler.process(AbstractProtocol.java:905)
	at org.apache.tomcat.util.net.NioEndpoint$SocketProcessor.doRun(NioEndpoint.java:1743)
	at org.apache.tomcat.util.net.SocketProcessorBase.run(SocketProcessorBase.java:52)
	at org.apache.tomcat.util.threads.ThreadPoolExecutor.runWorker(ThreadPoolExecutor.java:1190)
	at org.apache.tomcat.util.threads.ThreadPoolExecutor$Worker.run(ThreadPoolExecutor.java:659)
	at org.apache.tomcat.util.threads.TaskThread$WrappingRunnable.run(TaskThread.java:63)
	at java.base/java.lang.Thread.run(Thread.java:1575)
2025-04-27 14:45:52 [http-nio-8080-exec-5] INFO  c.e.a.interceptors.LoginInterceptor - 📌 收到请求: PUT http://localhost:8080/albums/1
2025-04-27 14:45:52 [http-nio-8080-exec-5] INFO  c.e.a.interceptors.LoginInterceptor - 📌 请求头: eyJhbGciOiJIUzI1NiIsInR5cCI6IkpXVCJ9.eyJjbGFpbXMiOnsicm9sZSI6InVzZXIiLCJpZCI6MSwidXNlcm5hbWUiOiJ3YW5nYmEifSwiZXhwIjoxNzQ1Nzc5NTI3fQ.JltEMZHnzRghc9Iy-ADaxGsshOnttZzBlbtDrZd4wlE
2025-04-27 14:45:52 [http-nio-8080-exec-5] INFO  c.e.album.controller.AlbumController - 从ThreadLocal获取的用户ID: 1
2025-04-27 14:46:09 [http-nio-8080-exec-6] INFO  c.e.a.interceptors.LoginInterceptor - 📌 收到请求: DELETE http://localhost:8080/photos/4
2025-04-27 14:46:09 [http-nio-8080-exec-6] INFO  c.e.a.interceptors.LoginInterceptor - 📌 请求头: eyJhbGciOiJIUzI1NiIsInR5cCI6IkpXVCJ9.eyJjbGFpbXMiOnsicm9sZSI6ImFkbWluIiwiaWQiOjUsInVzZXJuYW1lIjoiYWRtaW4ifSwiZXhwIjoxNzQ1Nzc5MDMyfQ.1MEooNV-AFk3zCJJTa4hRD7mytOl_1Jny_eC9chCafc
2025-04-27 14:46:09 [http-nio-8080-exec-6] INFO  c.e.album.controller.PhotoController - 接收到照片删除请求，照片ID: 4
2025-04-27 14:46:09 [http-nio-8080-exec-6] INFO  c.e.album.controller.PhotoController - 从ThreadLocal获取的用户ID: 5, 角色: admin
2025-04-27 14:46:09 [http-nio-8080-exec-6] INFO  c.e.a.s.impl.StorageServiceImpl - 删除照片: http://localhost:8080/uploads/storage/1/b0f2f408-1ad1-4be6-8c3a-a9f6801bc521.mp4
2025-04-27 14:46:09 [http-nio-8080-exec-6] WARN  c.e.a.s.impl.StorageServiceImpl - 文件不存在: uploads\storage\uploads\storage\1\b0f2f408-1ad1-4be6-8c3a-a9f6801bc521.mp4
2025-04-27 14:46:09 [http-nio-8080-exec-6] WARN  c.e.a.s.impl.StorageServiceImpl - 缩略图不存在: uploads\thumbnails\1\thumb_b0f2f408-1ad1-4be6-8c3a-a9f6801bc521.mp4
2025-04-27 14:46:09 [http-nio-8080-exec-6] INFO  c.e.album.controller.PhotoController - 照片ID: 4 已成功删除
2025-04-27 14:46:17 [SpringApplicationShutdownHook] INFO  o.s.b.w.e.tomcat.GracefulShutdown - Commencing graceful shutdown. Waiting for active requests to complete
2025-04-27 14:46:17 [tomcat-shutdown] INFO  o.s.b.w.e.tomcat.GracefulShutdown - Graceful shutdown complete
2025-04-27 14:46:17 [SpringApplicationShutdownHook] INFO  com.zaxxer.hikari.HikariDataSource - HikariPool-1 - Shutdown initiated...
2025-04-27 14:46:17 [SpringApplicationShutdownHook] INFO  com.zaxxer.hikari.HikariDataSource - HikariPool-1 - Shutdown completed.
